[2025-05-16 09:14:17 +0200] [539152] [INFO] Starting gunicorn 23.0.0
[2025-05-16 09:14:17 +0200] [539152] [INFO] Listening at: unix:/home/markmur88/Documentos/GitHub/zIncognito/bank_ghost/ghost.sock (539152)
[2025-05-16 09:14:17 +0200] [539152] [INFO] Using worker: sync
[2025-05-16 09:14:17 +0200] [539161] [INFO] Booting worker with pid: 539161
[2025-05-16 09:14:17 +0200] [539162] [INFO] Booting worker with pid: 539162
[2025-05-16 09:14:17 +0200] [539163] [INFO] Booting worker with pid: 539163
[2025-05-16 07:14:50 +0000] [539162] [INFO] Worker exiting (pid: 539162)
[2025-05-16 07:14:50 +0000] [539161] [INFO] Worker exiting (pid: 539161)
[2025-05-16 09:14:50 +0200] [539152] [INFO] Handling signal: term
[2025-05-16 07:14:50 +0000] [539163] [INFO] Worker exiting (pid: 539163)
[2025-05-16 09:14:51 +0200] [539152] [INFO] Shutting down: Master
[2025-05-16 09:14:52 +0200] [540558] [INFO] Starting gunicorn 23.0.0
[2025-05-16 09:14:52 +0200] [540558] [INFO] Listening at: unix:/home/markmur88/Documentos/GitHub/zIncognito/bank_ghost/ghost.sock (540558)
[2025-05-16 09:14:52 +0200] [540558] [INFO] Using worker: sync
[2025-05-16 09:14:52 +0200] [540559] [INFO] Booting worker with pid: 540559
[2025-05-16 09:14:52 +0200] [540560] [INFO] Booting worker with pid: 540560
[2025-05-16 09:14:52 +0200] [540561] [INFO] Booting worker with pid: 540561
[2025-05-16 09:19:32 +0200] [540558] [INFO] Handling signal: term
[2025-05-16 07:19:32 +0000] [540559] [INFO] Worker exiting (pid: 540559)
[2025-05-16 07:19:32 +0000] [540560] [INFO] Worker exiting (pid: 540560)
[2025-05-16 07:19:32 +0000] [540561] [INFO] Worker exiting (pid: 540561)
[2025-05-16 09:19:32 +0200] [540558] [ERROR] Worker (pid:540559) was sent SIGTERM!
[2025-05-16 09:19:32 +0200] [540558] [INFO] Shutting down: Master
[2025-05-16 09:19:33 +0200] [544392] [INFO] Starting gunicorn 23.0.0
[2025-05-16 09:19:33 +0200] [544392] [INFO] Listening at: unix:/home/markmur88/Documentos/GitHub/zIncognito/bank_ghost/ghost.sock (544392)
[2025-05-16 09:19:33 +0200] [544392] [INFO] Using worker: sync
[2025-05-16 09:19:33 +0200] [544396] [INFO] Booting worker with pid: 544396
[2025-05-16 09:19:33 +0200] [544399] [INFO] Booting worker with pid: 544399
[2025-05-16 09:19:33 +0200] [544401] [INFO] Booting worker with pid: 544401
[2025-05-16 07:19:35 +0000] [544396] [INFO] Worker exiting (pid: 544396)
[2025-05-16 07:19:35 +0000] [544399] [INFO] Worker exiting (pid: 544399)
[2025-05-16 09:19:35 +0200] [544392] [INFO] Handling signal: term
Traceback (most recent call last):
[2025-05-16 07:19:35 +0000] [544401] [INFO] Worker exiting (pid: 544401)
  File "/home/markmur88/Documentos/GitHub/zIncognito/bank_ghost/venv/lib/python3.13/site-packages/gunicorn/arbiter.py", line 223, in run
    handler()
    ~~~~~~~^^
  File "/home/markmur88/Documentos/GitHub/zIncognito/bank_ghost/venv/lib/python3.13/site-packages/gunicorn/arbiter.py", line 256, in handle_term
    raise StopIteration
StopIteration

During handling of the above exception, another exception occurred:

Traceback (most recent call last):
  File "/home/markmur88/Documentos/GitHub/zIncognito/bank_ghost/venv/bin/gunicorn", line 8, in <module>
    sys.exit(run())
             ~~~^^
  File "/home/markmur88/Documentos/GitHub/zIncognito/bank_ghost/venv/lib/python3.13/site-packages/gunicorn/app/wsgiapp.py", line 66, in run
    WSGIApplication("%(prog)s [OPTIONS] [APP_MODULE]", prog=prog).run()
    ~~~~~~~~~~~~~~~~~~~~~~~~~~~~~~~~~~~~~~~~~~~~~~~~~~~~~~~~~~~~~~~~~^^
  File "/home/markmur88/Documentos/GitHub/zIncognito/bank_ghost/venv/lib/python3.13/site-packages/gunicorn/app/base.py", line 235, in run
    super().run()
    ~~~~~~~~~~~^^
  File "/home/markmur88/Documentos/GitHub/zIncognito/bank_ghost/venv/lib/python3.13/site-packages/gunicorn/app/base.py", line 71, in run
    Arbiter(self).run()
    ~~~~~~~~~~~~~~~~~^^
  File "/home/markmur88/Documentos/GitHub/zIncognito/bank_ghost/venv/lib/python3.13/site-packages/gunicorn/arbiter.py", line 226, in run
    self.halt()
    ~~~~~~~~~^^
  File "/home/markmur88/Documentos/GitHub/zIncognito/bank_ghost/venv/lib/python3.13/site-packages/gunicorn/arbiter.py", line 341, in halt
    self.stop()
    ~~~~~~~~~^^
  File "/home/markmur88/Documentos/GitHub/zIncognito/bank_ghost/venv/lib/python3.13/site-packages/gunicorn/arbiter.py", line 384, in stop
    sock.close_sockets(self.LISTENERS, unlink)
    ~~~~~~~~~~~~~~~~~~^^^^^^^^^^^^^^^^^^^^^^^^
  File "/home/markmur88/Documentos/GitHub/zIncognito/bank_ghost/venv/lib/python3.13/site-packages/gunicorn/sock.py", line 212, in close_sockets
    os.unlink(sock_name)
    ~~~~~~~~~^^^^^^^^^^^
FileNotFoundError: [Errno 2] No such file or directory: '/home/markmur88/Documentos/GitHub/zIncognito/bank_ghost/ghost.sock'
[2025-05-16 09:19:36 +0200] [544524] [INFO] Starting gunicorn 23.0.0
[2025-05-16 09:19:36 +0200] [544524] [INFO] Listening at: unix:/home/markmur88/Documentos/GitHub/zIncognito/bank_ghost/ghost.sock (544524)
[2025-05-16 09:19:36 +0200] [544524] [INFO] Using worker: sync
[2025-05-16 09:19:36 +0200] [544525] [INFO] Booting worker with pid: 544525
[2025-05-16 09:19:36 +0200] [544526] [INFO] Booting worker with pid: 544526
[2025-05-16 09:19:36 +0200] [544527] [INFO] Booting worker with pid: 544527
[2025-05-16 09:23:09 +0200] [544524] [INFO] Handling signal: term
[2025-05-16 07:23:09 +0000] [544526] [INFO] Worker exiting (pid: 544526)
[2025-05-16 07:23:09 +0000] [544525] [INFO] Worker exiting (pid: 544525)
[2025-05-16 07:23:09 +0000] [544527] [INFO] Worker exiting (pid: 544527)
[2025-05-16 09:23:09 +0200] [544524] [INFO] Shutting down: Master
[2025-05-16 09:23:23 +0200] [547768] [INFO] Starting gunicorn 23.0.0
[2025-05-16 09:23:23 +0200] [547768] [INFO] Listening at: unix:/home/markmur88/Documentos/GitHub/zIncognito/bank_ghost/ghost.sock (547768)
[2025-05-16 09:23:23 +0200] [547768] [INFO] Using worker: sync
[2025-05-16 09:23:23 +0200] [547769] [INFO] Booting worker with pid: 547769
[2025-05-16 09:23:23 +0200] [547770] [INFO] Booting worker with pid: 547770
[2025-05-16 09:23:23 +0200] [547771] [INFO] Booting worker with pid: 547771
[2025-05-16 09:23:58 +0200] [547768] [INFO] Handling signal: term
Traceback (most recent call last):
  File "/home/markmur88/Documentos/GitHub/zIncognito/bank_ghost/venv/lib/python3.13/site-packages/gunicorn/arbiter.py", line 223, in run
    handler()
    ~~~~~~~^^
  File "/home/markmur88/Documentos/GitHub/zIncognito/bank_ghost/venv/lib/python3.13/site-packages/gunicorn/arbiter.py", line 256, in handle_term
    raise StopIteration
StopIteration

During handling of the above exception, another exception occurred:

Traceback (most recent call last):
  File "/home/markmur88/Documentos/GitHub/zIncognito/bank_ghost/venv/bin/gunicorn", line 8, in <module>
    sys.exit(run())
             ~~~^^
  File "/home/markmur88/Documentos/GitHub/zIncognito/bank_ghost/venv/lib/python3.13/site-packages/gunicorn/app/wsgiapp.py", line 66, in run
    WSGIApplication("%(prog)s [OPTIONS] [APP_MODULE]", prog=prog).run()
    ~~~~~~~~~~~~~~~~~~~~~~~~~~~~~~~~~~~~~~~~~~~~~~~~~~~~~~~~~~~~~~~~~^^
  File "/home/markmur88/Documentos/GitHub/zIncognito/bank_ghost/venv/lib/python3.13/site-packages/gunicorn/app/base.py", line 235, in run
    super().run()
    ~~~~~~~~~~~^^
  File "/home/markmur88/Documentos/GitHub/zIncognito/bank_ghost/venv/lib/python3.13/site-packages/gunicorn/app/base.py", line 71, in run
    Arbiter(self).run()
    ~~~~~~~~~~~~~~~~~^^
  File "/home/markmur88/Documentos/GitHub/zIncognito/bank_ghost/venv/lib/python3.13/site-packages/gunicorn/arbiter.py", line 226, in run
    self.halt()
    ~~~~~~~~~^^
  File "/home/markmur88/Documentos/GitHub/zIncognito/bank_ghost/venv/lib/python3.13/site-packages/gunicorn/arbiter.py", line 341, in halt
    self.stop()
    ~~~~~~~~~^^
  File "/home/markmur88/Documentos/GitHub/zIncognito/bank_ghost/venv/lib/python3.13/site-packages/gunicorn/arbiter.py", line 384, in stop
    sock.close_sockets(self.LISTENERS, unlink)
    ~~~~~~~~~~~~~~~~~~^^^^^^^^^^^^^^^^^^^^^^^^
  File "/home/markmur88/Documentos/GitHub/zIncognito/bank_ghost/venv/lib/python3.13/site-packages/gunicorn/sock.py", line 212, in close_sockets
    os.unlink(sock_name)
    ~~~~~~~~~^^^^^^^^^^^
FileNotFoundError: [Errno 2] No such file or directory: '/home/markmur88/Documentos/GitHub/zIncognito/bank_ghost/ghost.sock'
[2025-05-16 07:23:58 +0000] [547770] [INFO] Worker exiting (pid: 547770)
[2025-05-16 07:23:58 +0000] [547771] [INFO] Worker exiting (pid: 547771)
[2025-05-16 07:23:58 +0000] [547769] [INFO] Worker exiting (pid: 547769)
[2025-05-16 09:23:59 +0200] [549211] [INFO] Starting gunicorn 23.0.0
[2025-05-16 09:23:59 +0200] [549211] [INFO] Listening at: unix:/home/markmur88/Documentos/GitHub/zIncognito/bank_ghost/ghost.sock (549211)
[2025-05-16 09:23:59 +0200] [549211] [INFO] Using worker: sync
[2025-05-16 09:23:59 +0200] [549212] [INFO] Booting worker with pid: 549212
[2025-05-16 09:23:59 +0200] [549213] [INFO] Booting worker with pid: 549213
[2025-05-16 09:23:59 +0200] [549214] [INFO] Booting worker with pid: 549214
[2025-05-16 07:33:25 +0000] [549213] [INFO] Worker exiting (pid: 549213)
[2025-05-16 09:33:25 +0200] [549211] [INFO] Handling signal: term
[2025-05-16 07:33:25 +0000] [549214] [INFO] Worker exiting (pid: 549214)
[2025-05-16 07:33:25 +0000] [549212] [INFO] Worker exiting (pid: 549212)
[2025-05-16 09:33:25 +0200] [549211] [INFO] Shutting down: Master
[2025-05-16 09:33:26 +0200] [555782] [INFO] Starting gunicorn 23.0.0
[2025-05-16 09:33:26 +0200] [555782] [INFO] Listening at: unix:/home/markmur88/Documentos/GitHub/zIncognito/bank_ghost/ghost.sock (555782)
[2025-05-16 09:33:26 +0200] [555782] [INFO] Using worker: sync
[2025-05-16 09:33:26 +0200] [555785] [INFO] Booting worker with pid: 555785
[2025-05-16 09:33:26 +0200] [555786] [INFO] Booting worker with pid: 555786
[2025-05-16 09:33:26 +0200] [555788] [INFO] Booting worker with pid: 555788
[2025-05-16 07:33:29 +0000] [555785] [INFO] Worker exiting (pid: 555785)
[2025-05-16 07:33:29 +0000] [555786] [INFO] Worker exiting (pid: 555786)
[2025-05-16 09:33:29 +0200] [555782] [INFO] Handling signal: term
[2025-05-16 07:33:29 +0000] [555788] [INFO] Worker exiting (pid: 555788)
Traceback (most recent call last):
  File "/home/markmur88/Documentos/GitHub/zIncognito/bank_ghost/venv/lib/python3.13/site-packages/gunicorn/arbiter.py", line 223, in run
    handler()
    ~~~~~~~^^
  File "/home/markmur88/Documentos/GitHub/zIncognito/bank_ghost/venv/lib/python3.13/site-packages/gunicorn/arbiter.py", line 256, in handle_term
    raise StopIteration
StopIteration

During handling of the above exception, another exception occurred:

Traceback (most recent call last):
  File "/home/markmur88/Documentos/GitHub/zIncognito/bank_ghost/venv/bin/gunicorn", line 8, in <module>
    sys.exit(run())
             ~~~^^
  File "/home/markmur88/Documentos/GitHub/zIncognito/bank_ghost/venv/lib/python3.13/site-packages/gunicorn/app/wsgiapp.py", line 66, in run
    WSGIApplication("%(prog)s [OPTIONS] [APP_MODULE]", prog=prog).run()
    ~~~~~~~~~~~~~~~~~~~~~~~~~~~~~~~~~~~~~~~~~~~~~~~~~~~~~~~~~~~~~~~~~^^
  File "/home/markmur88/Documentos/GitHub/zIncognito/bank_ghost/venv/lib/python3.13/site-packages/gunicorn/app/base.py", line 235, in run
    super().run()
    ~~~~~~~~~~~^^
  File "/home/markmur88/Documentos/GitHub/zIncognito/bank_ghost/venv/lib/python3.13/site-packages/gunicorn/app/base.py", line 71, in run
    Arbiter(self).run()
    ~~~~~~~~~~~~~~~~~^^
  File "/home/markmur88/Documentos/GitHub/zIncognito/bank_ghost/venv/lib/python3.13/site-packages/gunicorn/arbiter.py", line 226, in run
    self.halt()
    ~~~~~~~~~^^
  File "/home/markmur88/Documentos/GitHub/zIncognito/bank_ghost/venv/lib/python3.13/site-packages/gunicorn/arbiter.py", line 341, in halt
    self.stop()
    ~~~~~~~~~^^
  File "/home/markmur88/Documentos/GitHub/zIncognito/bank_ghost/venv/lib/python3.13/site-packages/gunicorn/arbiter.py", line 384, in stop
    sock.close_sockets(self.LISTENERS, unlink)
    ~~~~~~~~~~~~~~~~~~^^^^^^^^^^^^^^^^^^^^^^^^
  File "/home/markmur88/Documentos/GitHub/zIncognito/bank_ghost/venv/lib/python3.13/site-packages/gunicorn/sock.py", line 212, in close_sockets
    os.unlink(sock_name)
    ~~~~~~~~~^^^^^^^^^^^
FileNotFoundError: [Errno 2] No such file or directory: '/home/markmur88/Documentos/GitHub/zIncognito/bank_ghost/ghost.sock'
[2025-05-16 09:33:30 +0200] [555930] [INFO] Starting gunicorn 23.0.0
[2025-05-16 09:33:30 +0200] [555930] [INFO] Listening at: unix:/home/markmur88/Documentos/GitHub/zIncognito/bank_ghost/ghost.sock (555930)
[2025-05-16 09:33:30 +0200] [555930] [INFO] Using worker: sync
[2025-05-16 09:33:30 +0200] [555932] [INFO] Booting worker with pid: 555932
[2025-05-16 09:33:30 +0200] [555933] [INFO] Booting worker with pid: 555933
[2025-05-16 09:33:30 +0200] [555935] [INFO] Booting worker with pid: 555935
[2025-05-16 09:36:01 +0200] [555930] [INFO] Handling signal: term
[2025-05-16 07:36:01 +0000] [555935] [INFO] Worker exiting (pid: 555935)
[2025-05-16 07:36:01 +0000] [555932] [INFO] Worker exiting (pid: 555932)
[2025-05-16 07:36:01 +0000] [555933] [INFO] Worker exiting (pid: 555933)
[2025-05-16 09:36:01 +0200] [555930] [INFO] Shutting down: Master
[2025-05-16 09:36:23 +0200] [558580] [INFO] Starting gunicorn 23.0.0
[2025-05-16 09:36:23 +0200] [558580] [INFO] Listening at: unix:/home/markmur88/Documentos/GitHub/zIncognito/bank_ghost/ghost.sock (558580)
[2025-05-16 09:36:23 +0200] [558580] [INFO] Using worker: sync
[2025-05-16 09:36:23 +0200] [558581] [INFO] Booting worker with pid: 558581
[2025-05-16 09:36:23 +0200] [558582] [INFO] Booting worker with pid: 558582
[2025-05-16 09:36:23 +0200] [558583] [INFO] Booting worker with pid: 558583
[2025-05-16 07:36:49 +0000] [558582] [INFO] Worker exiting (pid: 558582)
[2025-05-16 07:36:49 +0000] [558581] [INFO] Worker exiting (pid: 558581)
[2025-05-16 09:36:49 +0200] [558580] [INFO] Handling signal: term
[2025-05-16 07:36:49 +0000] [558583] [INFO] Worker exiting (pid: 558583)
[2025-05-16 09:36:49 +0200] [558580] [ERROR] Worker (pid:558581) was sent SIGTERM!
[2025-05-16 09:36:50 +0200] [558580] [INFO] Shutting down: Master
[2025-05-16 09:36:51 +0200] [559808] [INFO] Starting gunicorn 23.0.0
[2025-05-16 09:36:51 +0200] [559808] [INFO] Listening at: unix:/home/markmur88/Documentos/GitHub/zIncognito/bank_ghost/ghost.sock (559808)
[2025-05-16 09:36:51 +0200] [559808] [INFO] Using worker: sync
[2025-05-16 09:36:51 +0200] [559810] [INFO] Booting worker with pid: 559810
[2025-05-16 09:36:51 +0200] [559842] [INFO] Booting worker with pid: 559842
[2025-05-16 09:36:51 +0200] [559856] [INFO] Booting worker with pid: 559856
[2025-05-16 09:38:56 +0200] [559808] [INFO] Handling signal: term
[2025-05-16 07:38:56 +0000] [559842] [INFO] Worker exiting (pid: 559842)
[2025-05-16 07:38:56 +0000] [559810] [INFO] Worker exiting (pid: 559810)
[2025-05-16 07:38:56 +0000] [559856] [INFO] Worker exiting (pid: 559856)
[2025-05-16 09:38:57 +0200] [559808] [INFO] Shutting down: Master
[2025-05-16 09:39:17 +0200] [562252] [INFO] Starting gunicorn 23.0.0
[2025-05-16 09:39:17 +0200] [562252] [INFO] Listening at: unix:/home/markmur88/Documentos/GitHub/zIncognito/bank_ghost/ghost.sock (562252)
[2025-05-16 09:39:17 +0200] [562252] [INFO] Using worker: sync
[2025-05-16 09:39:17 +0200] [562261] [INFO] Booting worker with pid: 562261
[2025-05-16 09:39:17 +0200] [562262] [INFO] Booting worker with pid: 562262
[2025-05-16 09:39:17 +0200] [562263] [INFO] Booting worker with pid: 562263
[2025-05-16 07:39:51 +0000] [562262] [INFO] Worker exiting (pid: 562262)
[2025-05-16 07:39:51 +0000] [562263] [INFO] Worker exiting (pid: 562263)
[2025-05-16 07:39:51 +0000] [562261] [INFO] Worker exiting (pid: 562261)
[2025-05-16 09:39:51 +0200] [562252] [INFO] Handling signal: term
[2025-05-16 09:39:51 +0200] [562252] [ERROR] Worker (pid:562262) was sent SIGTERM!
[2025-05-16 09:39:51 +0200] [562252] [ERROR] Worker (pid:562261) was sent SIGTERM!
[2025-05-16 09:39:51 +0200] [562252] [ERROR] Worker (pid:562263) was sent SIGTERM!
[2025-05-16 09:39:51 +0200] [562252] [INFO] Shutting down: Master
[2025-05-16 09:39:52 +0200] [563630] [INFO] Starting gunicorn 23.0.0
[2025-05-16 09:39:52 +0200] [563630] [INFO] Listening at: unix:/home/markmur88/Documentos/GitHub/zIncognito/bank_ghost/ghost.sock (563630)
[2025-05-16 09:39:52 +0200] [563630] [INFO] Using worker: sync
[2025-05-16 09:39:52 +0200] [563631] [INFO] Booting worker with pid: 563631
[2025-05-16 09:39:52 +0200] [563632] [INFO] Booting worker with pid: 563632
[2025-05-16 09:39:52 +0200] [563633] [INFO] Booting worker with pid: 563633
[2025-05-16 07:43:06 +0000] [563631] [INFO] Worker exiting (pid: 563631)
[2025-05-16 09:43:06 +0200] [563630] [INFO] Handling signal: term
[2025-05-16 07:43:06 +0000] [563632] [INFO] Worker exiting (pid: 563632)
[2025-05-16 07:43:06 +0000] [563633] [INFO] Worker exiting (pid: 563633)
[2025-05-16 09:43:06 +0200] [563630] [INFO] Shutting down: Master
[2025-05-16 09:43:07 +0200] [566513] [INFO] Starting gunicorn 23.0.0
[2025-05-16 09:43:07 +0200] [566513] [INFO] Listening at: unix:/home/markmur88/Documentos/GitHub/zIncognito/bank_ghost/ghost.sock (566513)
[2025-05-16 09:43:07 +0200] [566513] [INFO] Using worker: sync
[2025-05-16 09:43:07 +0200] [566514] [INFO] Booting worker with pid: 566514
[2025-05-16 09:43:07 +0200] [566515] [INFO] Booting worker with pid: 566515
[2025-05-16 09:43:07 +0200] [566516] [INFO] Booting worker with pid: 566516
[2025-05-16 07:43:59 +0000] [566515] [INFO] Worker exiting (pid: 566515)
[2025-05-16 07:43:59 +0000] [566514] [INFO] Worker exiting (pid: 566514)
[2025-05-16 09:43:59 +0200] [566513] [INFO] Handling signal: term
[2025-05-16 07:43:59 +0000] [566516] [INFO] Worker exiting (pid: 566516)
[2025-05-16 09:44:00 +0200] [566513] [INFO] Shutting down: Master
[2025-05-16 09:44:01 +0200] [567962] [INFO] Starting gunicorn 23.0.0
[2025-05-16 09:44:01 +0200] [567962] [INFO] Listening at: unix:/home/markmur88/Documentos/GitHub/zIncognito/bank_ghost/ghost.sock (567962)
[2025-05-16 09:44:01 +0200] [567962] [INFO] Using worker: sync
[2025-05-16 09:44:01 +0200] [567963] [INFO] Booting worker with pid: 567963
[2025-05-16 09:44:01 +0200] [567965] [INFO] Booting worker with pid: 567965
[2025-05-16 09:44:01 +0200] [567966] [INFO] Booting worker with pid: 567966
[2025-05-16 07:54:08 +0000] [567963] [INFO] Worker exiting (pid: 567963)
[2025-05-16 07:54:08 +0000] [567966] [INFO] Worker exiting (pid: 567966)
[2025-05-16 09:54:08 +0200] [567962] [INFO] Handling signal: term
[2025-05-16 07:54:08 +0000] [567965] [INFO] Worker exiting (pid: 567965)
[2025-05-16 09:54:08 +0200] [567962] [INFO] Shutting down: Master
[2025-05-16 09:54:09 +0200] [576764] [INFO] Starting gunicorn 23.0.0
[2025-05-16 09:54:09 +0200] [576764] [INFO] Listening at: unix:/home/markmur88/Documentos/GitHub/zIncognito/bank_ghost/ghost.sock (576764)
[2025-05-16 09:54:09 +0200] [576764] [INFO] Using worker: sync
[2025-05-16 09:54:09 +0200] [576773] [INFO] Booting worker with pid: 576773
[2025-05-16 09:54:09 +0200] [576775] [INFO] Booting worker with pid: 576775
[2025-05-16 09:54:09 +0200] [576782] [INFO] Booting worker with pid: 576782
[2025-05-16 10:07:31 +0200] [576764] [INFO] Handling signal: term
[2025-05-16 08:07:31 +0000] [576773] [INFO] Worker exiting (pid: 576773)
[2025-05-16 08:07:31 +0000] [576782] [INFO] Worker exiting (pid: 576782)
[2025-05-16 08:07:31 +0000] [576775] [INFO] Worker exiting (pid: 576775)
[2025-05-16 10:07:31 +0200] [576764] [INFO] Shutting down: Master
[2025-05-16 10:07:33 +0200] [588032] [INFO] Starting gunicorn 23.0.0
[2025-05-16 10:07:33 +0200] [588032] [INFO] Listening at: unix:/home/markmur88/Documentos/GitHub/zIncognito/bank_ghost/ghost.sock (588032)
[2025-05-16 10:07:33 +0200] [588032] [INFO] Using worker: sync
[2025-05-16 10:07:33 +0200] [588033] [INFO] Booting worker with pid: 588033
[2025-05-16 10:07:33 +0200] [588034] [INFO] Booting worker with pid: 588034
[2025-05-16 10:07:33 +0200] [588035] [INFO] Booting worker with pid: 588035
[2025-05-16 10:10:46 +0200] [588032] [INFO] Handling signal: term
[2025-05-16 08:10:46 +0000] [588034] [INFO] Worker exiting (pid: 588034)
[2025-05-16 08:10:46 +0000] [588033] [INFO] Worker exiting (pid: 588033)
[2025-05-16 08:10:46 +0000] [588035] [INFO] Worker exiting (pid: 588035)
[2025-05-16 10:10:47 +0200] [588032] [INFO] Shutting down: Master
[2025-05-16 18:50:26 +0200] [1450] [INFO] Starting gunicorn 23.0.0
[2025-05-16 18:50:26 +0200] [1450] [INFO] Listening at: unix:/home/markmur88/Documentos/GitHub/zIncognito/bank_ghost/ghost.sock (1450)
[2025-05-16 18:50:26 +0200] [1450] [INFO] Using worker: sync
[2025-05-16 18:50:26 +0200] [1458] [INFO] Booting worker with pid: 1458
[2025-05-16 18:50:26 +0200] [1460] [INFO] Booting worker with pid: 1460
[2025-05-16 18:50:26 +0200] [1461] [INFO] Booting worker with pid: 1461
