[2025-05-27 10:32:26 +0200] [303071] [INFO] Starting gunicorn 23.0.0
[2025-05-27 10:32:26 +0200] [303071] [ERROR] Connection in use: ('0.0.0.0', 8000)
[2025-05-27 10:32:26 +0200] [303071] [ERROR] connection to ('0.0.0.0', 8000) failed: [Errno 98] Address already in use
[2025-05-27 10:32:27 +020Unauthorized: /login/
Not Found: /favicon.ico
Error inesperado durante login: no existe la relaciÃ³n Â«auth_userÂ»
LINE 1: ...user"."is_active", "auth_user"."date_joined" FROM "auth_user...
                                                             ^
Traceback (most recent call last):
  File "/home/markmur88/Documentos/Entorno/envAPP/lib/python3.13/site-packages/django/db/backends/utils.py", line 105, in _execute
    return self.cursor.execute(sql, params)
           ~~~~~~~~~~~~~~~~~~~^^^^^^^^^^^^^
psycopg2.errors.UndefinedTable: no existe la relaciÃ³n Â«auth_userÂ»
LINE 1: ...user"."is_active", "auth_user"."date_joined" FROM "auth_user...
                                                             ^


The above exception was the direct cause of the following exception:

Traceback (most recent call last):
  File "/home/markmur88/Documentos/GitHub/api_bank_h2/api/views.py", line 148, in login_view
    user = authenticate(request, username=username, password=password)
  File "/home/markmur88/Documentos/Entorno/envAPP/lib/python3.13/site-packages/django/views/decorators/debug.py", line 75, in sensitive_variables_wrapper
    return func(*func_args, **func_kwargs)
  File "/home/markmur88/Documentos/Entorno/envAPP/lib/python3.13/site-packages/django/contrib/auth/__init__.py", line 114, in authenticate
    user = backend.authenticate(request, **credentials)
  File "/home/markmur88/Documentos/Entorno/envAPP/lib/python3.13/site-packages/django/contrib/auth/backends.py", line 65, in authenticate
    user = UserModel._default_manager.get_by_natural_key(username)
  File "/home/markmur88/Documentos/Entorno/envAPP/lib/python3.13/site-packages/django/contrib/auth/base_user.py", line 37, in get_by_natural_key
    return self.get(**{self.model.USERNAME_FIELD: username})
           ~~~~~~~~^^^^^^^^^^^^^^^^^^^^^^^^^^^^^^^^^^^^^^^^^
  File "/home/markmur88/Documentos/Entorno/envAPP/lib/python3.13/site-packages/django/db/models/manager.py", line 87, in manager_method
    return getattr(self.get_queryset(), name)(*args, **kwargs)
           ~~~~~~~~~~~~~~~~~~~~~~~~~~~~~~~~~~^^^^^^^^^^^^^^^^^
  File "/home/markmur88/Documentos/Entorno/envAPP/lib/python3.13/site-packages/django/db/models/query.py", line 629, in get
    num = len(clone)
  File "/home/markmur88/Documentos/Entorno/envAPP/lib/python3.13/site-packages/django/db/models/query.py", line 366, in __len__
    self._fetch_all()
    ~~~~~~~~~~~~~~~^^
  File "/home/markmur88/Documentos/Entorno/envAPP/lib/python3.13/site-packages/django/db/models/query.py", line 1935, in _fetch_all
    self._result_cache = list(self._iterable_class(self))
                         ~~~~^^^^^^^^^^^^^^^^^^^^^^^^^^^^
  File "/home/markmur88/Documentos/Entorno/envAPP/lib/python3.13/site-packages/django/db/models/query.py", line 91, in __iter__
    results = compiler.execute_sql(
        chunked_fetch=self.chunked_fetch, chunk_size=self.chunk_size
    )
  File "/home/markmur88/Documentos/Entorno/envAPP/lib/python3.13/site-packages/django/db/models/sql/compiler.py", line 1622, in execute_sql
    cursor.execute(sql, params)
    ~~~~~~~~~~~~~~^^^^^^^^^^^^^
  File "/home/markmur88/Documentos/Entorno/envAPP/lib/python3.13/site-packages/debug_toolbar/panels/sql/tracking.py", line 235, in execute
    return self._record(super().execute, sql, params)
           ~~~~~~~~~~~~^^^^^^^^^^^^^^^^^^^^^^^^^^^^^^
  File "/home/markmur88/Documentos/Entorno/envAPP/lib/python3.13/site-packages/debug_toolbar/panels/sql/tracking.py", line 160, in _record
    return method(sql, params)
  File "/home/markmur88/Documentos/Entorno/envAPP/lib/python3.13/site-packages/django/db/backends/utils.py", line 122, in execute
    return super().execute(sql, params)
           ~~~~~~~~~~~~~~~^^^^^^^^^^^^^
  File "/home/markmur88/Documentos/Entorno/envAPP/lib/python3.13/site-packages/django/db/backends/utils.py", line 79, in execute
    return self._execute_with_wrappers(
           ~~~~~~~~~~~~~~~~~~~~~~~~~~~^
        sql, params, many=False, executor=self._execute
        ^^^^^^^^^^^^^^^^^^^^^^^^^^^^^^^^^^^^^^^^^^^^^^^
    )
    ^
  File "/home/markmur88/Documentos/Entorno/envAPP/lib/python3.13/site-packages/django/db/backends/utils.py", line 92, in _execute_with_wrappers
    return executor(sql, params, many, context)
  File "/home/markmur88/Documentos/Entorno/envAPP/lib/python3.13/site-packages/django/db/backends/utils.py", line 100, in _execute
    with self.db.wrap_database_errors:
         ^^^^^^^^^^^^^^^^^^^^^^^^^^^^
  File "/home/markmur88/Documentos/Entorno/envAPP/lib/python3.13/site-packages/django/db/utils.py", line 91, in __exit__
    raise dj_exc_value.with_traceback(traceback) from exc_value
  File "/home/markmur88/Documentos/Entorno/envAPP/lib/python3.13/site-packages/django/db/backends/utils.py", line 105, in _execute
    return self.cursor.execute(sql, params)
           ~~~~~~~~~~~~~~~~~~~^^^^^^^^^^^^^
django.db.utils.ProgrammingError: no existe la relaciÃ³n Â«auth_userÂ»
LINE 1: ...user"."is_active", "auth_user"."date_joined" FROM "auth_user...
                                                             ^

Internal Server Error: /login/
Not Found: /favicon.ico
•â•â•â•â•â•â•â•â•â•â•â•â•â•â•â•â•â•â•â•â•â•â•â•â•â•â•â•â•â•â•â•â•â•â•â•â•â•â•â•â•â•â•â•â•â•â•â•â•â•â•â•â•â•â•

ğŸ“… Fecha de ejecuciÃ³n: 2025-05-27 11:28:27
ğŸ“„ Script: 00_08_migraciones.sh
â•â•â•â•â•â•â•â•â•â•â•â•â•â•â•â•â•â•â•â•â•â•â•â•â•â•â•â•â•â•â•â•â•â•â•â•â•â•â•â•â•â•â•â•â•â•â•â•â•â•â•â•â•â•â•â•â•â•â•â•â•

âŒ Error en lÃ­nea 35: "python manage.py makemigrations"
Abortando ejecuciÃ³n.

ğŸ“… Fecha de ejecuciÃ³n: 2025-05-27 11:36:47
ğŸ“„ Script: 00_07_postgres.sh
â•â•â•â•â•â•â•â•â•â•â•â•â•â•â•â•â•â•â•â•â•â•â•â•â•â•â•â•â•â•â•â•â•â•â•â•â•â•â•â•â•â•â•â•â•â•â•â•â•â•â•â•â•â•â•â•â•â•â•â•â•

ğŸ“… Fecha de ejecuciÃ³n: 2025-05-27 11:36:52
ğŸ“„ Script: 00_08_migraciones.sh
â•â•â•â•â•â•â•â•â•â•â•â•â•â•â•â•â•â•â•â•â•â•â•â•â•â•â•â•â•â•â•â•â•â•â•â•â•â•â•â•â•â•â•â•â•â•â•â•â•â•â•â•â•â•â•â•â•â•â•â•â•
ğŸ“… Fecha de ejecuciÃ³n: 2025-05-27 11:39:37
ğŸ“„ Script: 00_10_usuario.sh
â•â•â•â•â•â•â•â•â•â•â•â•â•â•â•â•â•â•â•â•â•â•â•â•â•â•â•â•â•â•â•â•â•â•â•â•â•â•â•â•â•â•â•â•â•â•â•â•â•â•â•â•â•â•â•â•â•â•â•â•â•

ğŸ“… Fecha de ejecuciÃ³n: 2025-05-27 11:39:43
ğŸ“„ Script: 00_14_sincronizacion_archivos.sh
â•â•â•â•â•â•â•â•â•â•â•â•â•â•â•â•â•â•â•â•â•â•â•â•â•â•â•â•â•â•â•â•â•â•â•â•â•â•â•â•â•â•â•â•â•â•â•â•â•â•â•â•â•â•â•â•â•â•â•â•â•
[1;32m[OK]   VPN (proton0) activa. ConexiÃ³n segura.[0m
[1;32m[OK]   âœ”ï¸ ConfiguraciÃ³n .env validada.[0m

ğŸ“… Fecha de ejecuciÃ³n: 2025-05-27 11:39:44
ğŸ“„ Script: 00_16_subir_heroku.sh
â•â•â•â•â•â•â•â•â•â•â•â•â•â•â•â•â•â•â•â•â•â•â•â•â•â•â•â•â•â•â•â•â•â•â•â•â•â•â•â•â•â•â•â•â•â•â•â•â•â•â•â•â•â•â•â•â•â•â•â•â•

ğŸ“… Fecha de ejecuciÃ³n: 2025-05-27 11:41:55
ğŸ“„ Script: 00_17_sincronizar_bdd.sh
â•â•â•â•â•â•â•â•â•â•â•â•â•â•â•â•â•â•â•â•â•â•â•â•â•â•â•â•â•â•â•â•â•â•â•â•â•â•â•â•â•â•â•â•â•â•â•â•â•â•â•â•â•â•â•â•â•â•â•â•â•

ğŸ“… Fecha de ejecuciÃ³n: 2025-05-27 11:42:11
ğŸ“„ Script: 00_15_variables_heroku.sh
â•â•â•â•â•â•â•â•â•â•â•â•â•â•â•â•â•â•â•â•â•â•â•â•â•â•â•â•â•â•â•â•â•â•â•â•â•â•â•â•â•â•â•â•â•â•â•â•â•â•â•â•â•â•â•â•â•â•â•â•â•

ğŸ“… Fecha de ejecuciÃ³n: 2025-05-27 11:42:30
ğŸ“„ Script: 00_20_ssl.sh
â•â•â•â•â•â•â•â•â•â•â•â•â•â•â•â•â•â•â•â•â•â•â•â•â•â•â•â•â•â•â•â•â•â•â•â•â•â•â•â•â•â•â•â•â•â•â•â•â•â•â•â•â•â•â•â•â•â•â•â•â•

ğŸ“… Fecha de ejecuciÃ³n: 2025-05-27 11:45:04
ğŸ“„ Script: 00_07_postgres.sh
â•â•â•â•â•â•â•â•â•â•â•â•â•â•â•â•â•â•â•â•â•â•â•â•â•â•â•â•â•â•â•â•â•â•â•â•â•â•â•â•â•â•â•â•â•â•â•â•â•â•â•â•â•â•â•â•â•â•â•â•â•

ğŸ“… Fecha de ejecuciÃ³n: 2025-05-27 11:45:08
ğŸ“„ Script: 00_08_migraciones.sh
â•â•â•â•â•â•â•â•â•â•â•â•â•â•â•â•â•â•â•â•â•â•â•â•â•â•â•â•â•â•â•â•â•â•â•â•â•â•â•â•â•â•â•â•â•â•â•â•â•â•â•â•â•â•â•â•â•â•â•â•â•

ğŸ“… Fecha de ejecuciÃ³n: 2025-05-27 11:47:50
ğŸ“„ Script: 00_09_cargar_json.sh
â•â•â•â•â•â•â•â•â•â•â•â•â•â•â•â•â•â•â•â•â•â•â•â•â•â•â•â•â•â•â•â•â•â•â•â•â•â•â•â•â•â•â•â•â•â•â•â•â•â•â•â•â•â•â•â•â•â•â•â•â•

âŒ Error en lÃ­nea 26: "python3 manage.py loaddata bdd_local.json"
Abortando ejecuciÃ³n.
[1;32m[OK]   VPN (proton0) activa. ConexiÃ³n segura.[0m
[1;32m[OK]   âœ”ï¸ ConfiguraciÃ³n .env validada.[0m

ğŸ“… Fecha de ejecuciÃ³n: 2025-05-27 11:49:48
ğŸ“„ Script: 00_20_ssl.sh
â•â•â•â•â•â•â•â•â•â•â•â•â•â•â•â•â•â•â•â•â•â•â•â•â•â•â•â•â•â•â•â•â•â•â•â•â•â•â•â•â•â•â•â•â•â•â•â•â•â•â•â•â•â•â•â•â•â•â•â•â•

ğŸ“… Fecha de ejecuciÃ³n: 2025-05-27 11:49:55
ğŸ“„ Script: 00_12_pem.sh
â•â•â•â•â•â•â•â•â•â•â•â•â•â•â•â•â•â•â•â•â•â•â•â•â•â•â•â•â•â•â•â•â•â•â•â•â•â•â•â•â•â•â•â•â•â•â•â•â•â•â•â•â•â•â•â•â•â•â•â•â•
[1;32m[OK]   VPN (proton0) activa. ConexiÃ³n segura.[0m
[1;32m[OK]   âœ”ï¸ ConfiguraciÃ³n .env validada.[0m

ğŸ“… Fecha de ejecuciÃ³n: 2025-05-27 11:50:27
ğŸ“„ Script: 00_11_hacer_json.sh
â•â•â•â•â•â•â•â•â•â•â•â•â•â•â•â•â•â•â•â•â•â•â•â•â•â•â•â•â•â•â•â•â•â•â•â•â•â•â•â•â•â•â•â•â•â•â•â•â•â•â•â•â•â•â•â•â•â•â•â•â•
[1;32m[OK]   VPN (proton0) activa. ConexiÃ³n segura.[0m
[1;32m[OK]   âœ”ï¸ ConfiguraciÃ³n .env validada.[0m

ğŸ“… Fecha de ejecuciÃ³n: 2025-05-27 11:52:46
ğŸ“„ Script: 00_07_postgres.sh
â•â•â•â•â•â•â•â•â•â•â•â•â•â•â•â•â•â•â•â•â•â•â•â•â•â•â•â•â•â•â•â•â•â•â•â•â•â•â•â•â•â•â•â•â•â•â•â•â•â•â•â•â•â•â•â•â•â•â•â•â•

ğŸ“… Fecha de ejecuciÃ³n: 2025-05-27 11:52:50
ğŸ“„ Script: 00_08_migraciones.sh
â•â•â•â•â•â•â•â•â•â•â•â•â•â•â•â•â•â•â•â•â•â•â•â•â•â•â•â•â•â•â•â•â•â•â•â•â•â•â•â•â•â•â•â•â•â•â•â•â•â•â•â•â•â•â•â•â•â•â•â•â•
ğŸ“… Fecha de ejecuciÃ³n: 2025-05-27 11:53:23
ğŸ“„ Script: 00_10_usuario.sh
â•â•â•â•â•â•â•â•â•â•â•â•â•â•â•â•â•â•â•â•â•â•â•â•â•â•â•â•â•â•â•â•â•â•â•â•â•â•â•â•â•â•â•â•â•â•â•â•â•â•â•â•â•â•â•â•â•â•â•â•â•

ğŸ“… Fecha de ejecuciÃ³n: 2025-05-27 11:53:30
ğŸ“„ Script: 00_12_pem.sh
â•â•â•â•â•â•â•â•â•â•â•â•â•â•â•â•â•â•â•â•â•â•â•â•â•â•â•â•â•â•â•â•â•â•â•â•â•â•â•â•â•â•â•â•â•â•â•â•â•â•â•â•â•â•â•â•â•â•â•â•â•
[1;32m[OK]   VPN (proton0) activa. ConexiÃ³n segura.[0m
[1;32m[OK]   âœ”ï¸ ConfiguraciÃ³n .env validada.[0m

ğŸ“… Fecha de ejecuciÃ³n: 2025-05-27 11:53:41
ğŸ“„ Script: 00_20_ssl.sh
â•â•â•â•â•â•â•â•â•â•â•â•â•â•â•â•â•â•â•â•â•â•â•â•â•â•â•â•â•â•â•â•â•â•â•â•â•â•â•â•â•â•â•â•â•â•â•â•â•â•â•â•â•â•â•â•â•â•â•â•â•

ğŸ“… Fecha de ejecuciÃ³n: 2025-05-27 11:53:50
ğŸ“„ Script: 00_11_hacer_json.sh
â•â•â•â•â•â•â•â•â•â•â•â•â•â•â•â•â•â•â•â•â•â•â•â•â•â•â•â•â•â•â•â•â•â•â•â•â•â•â•â•â•â•â•â•â•â•â•â•â•â•â•â•â•â•â•â•â•â•â•â•â•
[1;32m[OK]   VPN (proton0) activa. ConexiÃ³n segura.[0m
[1;32m[OK]   âœ”ï¸ ConfiguraciÃ³n .env validada.[0m

ğŸ“… Fecha de ejecuciÃ³n: 2025-05-27 11:57:14
ğŸ“„ Script: 00_07_postgres.sh
â•â•â•â•â•â•â•â•â•â•â•â•â•â•â•â•â•â•â•â•â•â•â•â•â•â•â•â•â•â•â•â•â•â•â•â•â•â•â•â•â•â•â•â•â•â•â•â•â•â•â•â•â•â•â•â•â•â•â•â•â•

ğŸ“… Fecha de ejecuciÃ³n: 2025-05-27 11:57:19
ğŸ“„ Script: 00_08_migraciones.sh
â•â•â•â•â•â•â•â•â•â•â•â•â•â•â•â•â•â•â•â•â•â•â•â•â•â•â•â•â•â•â•â•â•â•â•â•â•â•â•â•â•â•â•â•â•â•â•â•â•â•â•â•â•â•â•â•â•â•â•â•â•

ğŸ“… Fecha de ejecuciÃ³n: 2025-05-27 11:57:50
ğŸ“„ Script: 00_09_cargar_json.sh
â•â•â•â•â•â•â•â•â•â•â•â•â•â•â•â•â•â•â•â•â•â•â•â•â•â•â•â•â•â•â•â•â•â•â•â•â•â•â•â•â•â•â•â•â•â•â•â•â•â•â•â•â•â•â•â•â•â•â•â•â•

ğŸ“… Fecha de ejecuciÃ³n: 2025-05-27 11:58:59
ğŸ“„ Script: 00_07_postgres.sh
â•â•â•â•â•â•â•â•â•â•â•â•â•â•â•â•â•â•â•â•â•â•â•â•â•â•â•â•â•â•â•â•â•â•â•â•â•â•â•â•â•â•â•â•â•â•â•â•â•â•â•â•â•â•â•â•â•â•â•â•â•

ğŸ“… Fecha de ejecuciÃ³n: 2025-05-27 11:59:04
ğŸ“„ Script: 00_08_migraciones.sh
â•â•â•â•â•â•â•â•â•â•â•â•â•â•â•â•â•â•â•â•â•â•â•â•â•â•â•â•â•â•â•â•â•â•â•â•â•â•â•â•â•â•â•â•â•â•â•â•â•â•â•â•â•â•â•â•â•â•â•â•â•

ğŸ“… Fecha de ejecuciÃ³n: 2025-05-27 11:59:35
ğŸ“„ Script: 00_09_cargar_json.sh
â•â•â•â•â•â•â•â•â•â•â•â•â•â•â•â•â•â•â•â•â•â•â•â•â•â•â•â•â•â•â•â•â•â•â•â•â•â•â•â•â•â•â•â•â•â•â•â•â•â•â•â•â•â•â•â•â•â•â•â•â•

ğŸ“… Fecha de ejecuciÃ³n: 2025-05-27 12:00:58
ğŸ“„ Script: 00_14_sincronizacion_archivos.sh
â•â•â•â•â•â•â•â•â•â•â•â•â•â•â•â•â•â•â•â•â•â•â•â•â•â•â•â•â•â•â•â•â•â•â•â•â•â•â•â•â•â•â•â•â•â•â•â•â•â•â•â•â•â•â•â•â•â•â•â•â•
